<?xml version="1.0" encoding="UTF-8"?>
<testsuite xmlns:xsi="http://www.w3.org/2001/XMLSchema-instance" xsi:noNamespaceSchemaLocation="https://maven.apache.org/surefire/maven-surefire-plugin/xsd/surefire-test-report.xsd" name="com.ontariotechu.sofe3980U.BinaryAPIControllerTest" time="0.26" tests="5" errors="1" skipped="0" failures="0">
  <properties>
[...]
</properties>
  <testcase name="add" classname="com.ontariotechu.sofe3980U.BinaryAPIControllerTest" time="0.003"/>
  <testcase name="add2" classname="com.ontariotechu.sofe3980U.BinaryAPIControllerTest" time="0.006"/>
  <testcase name="multiply" classname="com.ontariotechu.sofe3980U.BinaryAPIControllerTest" time="0.008">
    <error message="Request processing failed; nested exception is java.lang.StringIndexOutOfBoundsException: begin 0, end -1, length 0" type="org.springframework.web.util.NestedServletException">org.springframework.web.util.NestedServletException: Request processing failed; nested exception is java.lang.StringIndexOutOfBoundsException: begin 0, end -1, length 0
	at com.ontariotechu.sofe3980U.BinaryAPIControllerTest.multiply(BinaryAPIControllerTest.java:53)
Caused by: java.lang.StringIndexOutOfBoundsException: begin 0, end -1, length 0
	at com.ontariotechu.sofe3980U.BinaryAPIControllerTest.multiply(BinaryAPIControllerTest.java:53)
</error>
    <system-out><![CDATA[
MockHttpServletRequest:
      HTTP Method = GET
      Request URI = /add
       Parameters = {operand1=[111], operand2=[1010]}
          Headers = []
             Body = <no character encoding set>
    Session Attrs = {}

Handler:
             Type = com.ontariotechu.sofe3980U.BinaryAPIController
           Method = public java.lang.String com.ontariotechu.sofe3980U.BinaryAPIController.addString(java.lang.String,java.lang.String)

Async:
    Async started = false
     Async result = null

Resolved Exception:
             Type = null

ModelAndView:
        View name = null
             View = null
            Model = null

FlashMap:
       Attributes = null

MockHttpServletResponse:
           Status = 200
    Error message = null
          Headers = [Content-Type:"text/plain;charset=UTF-8", Content-Length:"5"]
     Content type = text/plain;charset=UTF-8
             Body = 10001
    Forwarded URL = null
   Redirected URL = null
          Cookies = []

MockHttpServletRequest:
      HTTP Method = GET
      Request URI = /add_json
       Parameters = {operand1=[111], operand2=[1010]}
          Headers = []
             Body = <no character encoding set>
    Session Attrs = {}

Handler:
             Type = com.ontariotechu.sofe3980U.BinaryAPIController
           Method = public com.ontariotechu.sofe3980U.BinaryAPIResult com.ontariotechu.sofe3980U.BinaryAPIController.addJSON(java.lang.String,java.lang.String)

Async:
    Async started = false
     Async result = null

Resolved Exception:
             Type = null

ModelAndView:
        View name = null
             View = null
            Model = null

FlashMap:
       Attributes = null

MockHttpServletResponse:
           Status = 200
    Error message = null
          Headers = [Content-Type:"application/json;charset=UTF-8"]
     Content type = application/json;charset=UTF-8
             Body = {"operand1":"111","operator":"add","operand2":"1010","result":"10001"}
    Forwarded URL = null
   Redirected URL = null
          Cookies = []
]]></system-out>
  </testcase>
  <testcase name="andOperation" classname="com.ontariotechu.sofe3980U.BinaryAPIControllerTest" time="0.004"/>
  <testcase name="orOperation" classname="com.ontariotechu.sofe3980U.BinaryAPIControllerTest" time="0.002"/>
</testsuite>