<?xml version="1.0" encoding="UTF-8"?>
<testsuite xmlns:xsi="http://www.w3.org/2001/XMLSchema-instance" xsi:noNamespaceSchemaLocation="https://maven.apache.org/surefire/maven-surefire-plugin/xsd/surefire-test-report.xsd" name="com.ontariotechu.sofe3980U.BinaryControllerTest" time="0.609" tests="6" errors="1" skipped="0" failures="0">
  <properties>
[...]
</properties>
  <testcase name="getDefault" classname="com.ontariotechu.sofe3980U.BinaryControllerTest" time="0.336"/>
  <testcase name="postBitwiseOR" classname="com.ontariotechu.sofe3980U.BinaryControllerTest" time="0.007"/>
  <testcase name="postMultiplication" classname="com.ontariotechu.sofe3980U.BinaryControllerTest" time="0.002">
    <error message="Request processing failed; nested exception is java.lang.StringIndexOutOfBoundsException: begin 0, end -1, length 0" type="org.springframework.web.util.NestedServletException">org.springframework.web.util.NestedServletException: Request processing failed; nested exception is java.lang.StringIndexOutOfBoundsException: begin 0, end -1, length 0
	at com.ontariotechu.sofe3980U.BinaryControllerTest.postMultiplication(BinaryControllerTest.java:61)
Caused by: java.lang.StringIndexOutOfBoundsException: begin 0, end -1, length 0
	at com.ontariotechu.sofe3980U.BinaryControllerTest.postMultiplication(BinaryControllerTest.java:61)
</error>
    <system-out><![CDATA[
MockHttpServletRequest:
      HTTP Method = GET
      Request URI = /
       Parameters = {}
          Headers = []
             Body = <no character encoding set>
    Session Attrs = {}

Handler:
             Type = com.ontariotechu.sofe3980U.BinaryController
           Method = public java.lang.String com.ontariotechu.sofe3980U.BinaryController.getCalculator(java.lang.String,org.springframework.ui.Model)

Async:
    Async started = false
     Async result = null

Resolved Exception:
             Type = null

ModelAndView:
        View name = calculator
             View = null
        Attribute = operand1
            value = 
        Attribute = operand1Focused
            value = false

FlashMap:
       Attributes = null

MockHttpServletResponse:
           Status = 200
    Error message = null
          Headers = [Content-Language:"en", Content-Type:"text/html;charset=UTF-8"]
     Content type = text/html;charset=UTF-8
             Body = <!DOCTYPE html>
<html>
  
<head>
    <script src=
"https://cdnjs.cloudflare.com/ajax/libs/mathjs/10.6.4/math.js"
        integrity=
"sha512-BbVEDjbqdN3Eow8+empLMrJlxXRj5nEitiCAK5A1pUr66+jLVejo3PmjIaucRnjlB0P9R3rBUs3g5jXc8ti+fQ=="
        crossorigin="anonymous" 
        referrerpolicy="no-referrer"></script>
    <script src=
"https://cdnjs.cloudflare.com/ajax/libs/mathjs/10.6.4/math.min.js"
        integrity=
"sha512-iphNRh6dPbeuPGIrQbCdbBF/qcqadKWLa35YPVfMZMHBSI6PLJh1om2xCTWhpVpmUyb4IvVS9iYnnYMkleVXLA=="
        crossorigin="anonymous" 
        referrerpolicy="no-referrer"></script>
    <!-- for styling -->
    <style>
        table {
            border: 1px solid black;
            margin-left: auto;
            margin-right: auto;
        }
  
        input[type="button"] {
            width: 100%;
            padding: 20px 40px;
            background-color: green;
            color: white;
            font-size: 24px;
            font-weight: bold;
            border: none;
            border-radius: 5px;
        }
		input[type="submit"] {
            width: 100%;
            padding: 20px 40px;
            background-color: green;
            color: white;
            font-size: 24px;
            font-weight: bold;
            border: none;
            border-radius: 5px;
        }
  
        input[type="text"] {
            padding: 20px 30px;
            font-size: 24px;
            font-weight: bold;
            border: none;
            border-radius: 5px;
            border: 2px solid black;
        }
		select {
            padding: 20px 30px;
            font-size: 24px;
            font-weight: bold;
            border: none;
            border-radius: 5px;
            border: 2px solid black;
        }
    </style>
</head>
<!-- create table -->
  
<body>
<form action="/" method="Post">
    <table id="calcu">
        <tr>
            <td colspan="2"><input type="text" id="operand1" name="operand1" value="" onfocus="focusFun(false)" readonly></td>
            <td colspan="1"> <select id="operator" name="operator"  >
			<option value="+">+</option>
			<option value="*">*</option>
			<option value="|">|</option>
			<option value="&">&</option>
			<option value=" " hidden selected="selected" > </option>
			</select></td>
            <td colspan="2"><input type="text" id="operand2" name="operand2" onfocus="focusFun(true)" readonly></td>
            
        </tr>
        <tr>
            <td colspan="1"><input type="button" value="0" onclick="dis('0')" 
                        onkeydown="myFunction(event)"> </td>
            <td colspan="1"><input type="button" value="1" onclick="dis('1')" 
                        onkeydown="myFunction(event)"> </td>
			<td colspan="1"><input type="button" value="sddsd" hidden></td>
			<td colspan="1"><input type="button" value="C" onclick="clr()"></td>
			<td colspan="1"><input type="button" value="CE" onclick="clrOne()"></td>
		</tr>
		<tr>
		</tr>
		<tr>
			<td colspan="1"><input type="button" value="+" onclick="oper('+')" 
                        onkeydown="myFunction(event)"> </td>
            <td colspan="1"><input type="button" value="*" onclick="oper('*')" 
                        onkeydown="myFunction(event)"> </td>
		</tr>
		<tr>
            <td colspan="1"><input type="button" value="|" onclick="oper('|')" 
                        onkeydown="myFunction(event)"> </td>
			<td colspan="1"><input type="button" value="&" onclick="oper('&')" 
                        onkeydown="myFunction(event)"> </td>
			<td colspan="1"><input type="button" hidden></td>
            <td><input type="submit" value="=" accesskey="="> </td> 
        </tr>
    </table>
  </form>
	<script>
		var x = false;
	</script>
    <script>
        // Function that display value
		function focusFun(val){
			x=val;
		}
        function dis(val) {
            if(x) {
				document.getElementById("operand2").value += val;
			}
			else {
				document.getElementById("operand1").value += val;
			}
        }
		function oper(val)
		{
			document.getElementById("operator").value = val;
			x=true;
		}
        function myFunction(event) {
            if (event.key == '0' || event.key == '1')
				if(x) {
					document.getElementById("operand2").value += event.key;
				}
				else {
					document.getElementById("operand1").value += event.key;
				}
        }
  
        var cal = document.getElementById("calcu");
        cal.onkeyup = function (event) {
            if (event.keyCode === 13) {
                console.log("Enter");
                let x = document.getElementById("result").value
                console.log(x);
                solve();
            }
        }
  
        // Function that evaluates the digit and return result
        function solve() {
            let x = document.getElementById("result").value
            let y = math.evaluate(x)
            document.getElementById("result").value = y
        }
  
        // Function that clear the display
        function clr() {
            if(x) {
				if( document.getElementById("operand2").value == "") {
					x=false;
					if(document.getElementById("operator").value == ""){
						document.getElementById("operand1").value = "";
					}
					else{
						document.getElementById("operator").value = "";
					}
				}
				else{
					document.getElementById("operand2").value = "";
				}
			}
			else {
				document.getElementById("operand1").value = "";
			}
        }
		function clrOne() {
            if(x) {
				str=document.getElementById("operand2").value;
				str=str.slice(0,-1);
				document.getElementById("operand2").value=str;
			}
			else {
				str=document.getElementById("operand1").value;
				str=str.slice(0,-1);
				document.getElementById("operand1").value=str;
			}
        }
    </script>
</body>
  
</html> 
    Forwarded URL = null
   Redirected URL = null
          Cookies = []

MockHttpServletRequest:
      HTTP Method = POST
      Request URI = /
       Parameters = {operand1=[101], operator=[|], operand2=[110]}
          Headers = []
             Body = <no character encoding set>
    Session Attrs = {}

Handler:
             Type = com.ontariotechu.sofe3980U.BinaryController
           Method = public java.lang.String com.ontariotechu.sofe3980U.BinaryController.result(java.lang.String,java.lang.String,java.lang.String,org.springframework.ui.Model)

Async:
    Async started = false
     Async result = null

Resolved Exception:
             Type = null

ModelAndView:
        View name = result
             View = null
        Attribute = operand1
            value = 101
        Attribute = operator
            value = |
        Attribute = operand2
            value = 110
        Attribute = result
            value = 111

FlashMap:
       Attributes = null

MockHttpServletResponse:
           Status = 200
    Error message = null
          Headers = [Content-Language:"en", Content-Type:"text/html;charset=UTF-8"]
     Content type = text/html;charset=UTF-8
             Body = <!DOCTYPE HTML>
<html>
<head>
    <title>Getting Started: Serving Web Content</title>
    <meta http-equiv="Content-Type" content="text/html; charset=UTF-8" />
</head>
<body>
	<h3>
	<p >101 | 110=111</p>
	</h3>
	<a href="/" >New operation</a>
	<a href="/?operand1=111" >Continue calculation</a>
</body>
</html>
    Forwarded URL = null
   Redirected URL = null
          Cookies = []
]]></system-out>
  </testcase>
  <testcase name="postParameter" classname="com.ontariotechu.sofe3980U.BinaryControllerTest" time="0.002"/>
  <testcase name="postBitwiseAND" classname="com.ontariotechu.sofe3980U.BinaryControllerTest" time="0.001"/>
  <testcase name="getParameter" classname="com.ontariotechu.sofe3980U.BinaryControllerTest" time="0.002"/>
</testsuite>